# JRE version: Java(TM) SE Runtime Environment (8.0_65-b17) (build 1.8.0_65-b17)
# Java VM: Java HotSpot(TM) 64-Bit Server VM (25.65-b01 mixed mode windows-amd64 compressed oops)
Heap:
 PSYoungGen      total 23040K, used 11843K [0x00000000eb600000, 0x00000000edd00000, 0x0000000100000000)
  eden space 21504K, 49% used [0x00000000eb600000,0x00000000ec070850,0x00000000ecb00000)
  from space 1536K, 75% used [0x00000000ecb80000,0x00000000ecca07a0,0x00000000ecd00000)
  to   space 9216K, 0% used [0x00000000ed400000,0x00000000ed400000,0x00000000edd00000)
 ParOldGen       total 49152K, used 27229K [0x00000000c2200000, 0x00000000c5200000, 0x00000000eb600000)
  object space 49152K, 55% used [0x00000000c2200000,0x00000000c3c97410,0x00000000c5200000)
 Metaspace       used 31860K, capacity 32574K, committed 32896K, reserved 1079296K
  class space    used 3639K, capacity 3883K, committed 3968K, reserved 1048576K
GC Heap History (10 events):
Event: 442.559 GC heap before
{Heap before GC invocations=17 (full 1):
 PSYoungGen      total 29696K, used 29354K [0x00000000eb600000, 0x00000000edd00000, 0x0000000100000000)
  eden space 25600K, 100% used [0x00000000eb600000,0x00000000ecf00000,0x00000000ecf00000)
  from space 4096K, 91% used [0x00000000ecf80000,0x00000000ed32aba8,0x00000000ed380000)
  to   space 7168K, 0% used [0x00000000ed600000,0x00000000ed600000,0x00000000edd00000)
 ParOldGen       total 32768K, used 15177K [0x00000000c2200000, 0x00000000c4200000, 0x00000000eb600000)
  object space 32768K, 46% used [0x00000000c2200000,0x00000000c30d2790,0x00000000c4200000)
 Metaspace       used 25671K, capacity 26202K, committed 26496K, reserved 1073152K
  class space    used 2967K, capacity 3128K, committed 3200K, reserved 1048576K
Event: 442.571 GC heap after
Heap after GC invocations=17 (full 1):
 PSYoungGen      total 30208K, used 7157K [0x00000000eb600000, 0x00000000ee180000, 0x0000000100000000)
  eden space 23040K, 0% used [0x00000000eb600000,0x00000000eb600000,0x00000000ecc80000)
  from space 7168K, 99% used [0x00000000ed600000,0x00000000edcfd708,0x00000000edd00000)
  to   space 9728K, 0% used [0x00000000ecc80000,0x00000000ecc80000,0x00000000ed600000)
 ParOldGen       total 32768K, used 19157K [0x00000000c2200000, 0x00000000c4200000, 0x00000000eb600000)
  object space 32768K, 58% used [0x00000000c2200000,0x00000000c34b5598,0x00000000c4200000)
 Metaspace       used 25671K, capacity 26202K, committed 26496K, reserved 1073152K
  class space    used 2967K, capacity 3128K, committed 3200K, reserved 1048576K
}
Event: 444.119 GC heap before
{Heap before GC invocations=18 (full 1):
 PSYoungGen      total 30208K, used 30197K [0x00000000eb600000, 0x00000000ee180000, 0x0000000100000000)
  eden space 23040K, 100% used [0x00000000eb600000,0x00000000ecc80000,0x00000000ecc80000)
  from space 7168K, 99% used [0x00000000ed600000,0x00000000edcfd708,0x00000000edd00000)
  to   space 9728K, 0% used [0x00000000ecc80000,0x00000000ecc80000,0x00000000ed600000)
 ParOldGen       total 32768K, used 19157K [0x00000000c2200000, 0x00000000c4200000, 0x00000000eb600000)
  object space 32768K, 58% used [0x00000000c2200000,0x00000000c34b5598,0x00000000c4200000)
 Metaspace       used 29116K, capacity 29698K, committed 29952K, reserved 1075200K
  class space    used 3292K, capacity 3484K, committed 3584K, reserved 1048576K
Event: 444.135 GC heap after
Heap after GC invocations=18 (full 1):
 PSYoungGen      total 26624K, used 3716K [0x00000000eb600000, 0x00000000ede00000, 0x0000000100000000)
  eden space 22528K, 0% used [0x00000000eb600000,0x00000000eb600000,0x00000000ecc00000)
  from space 4096K, 90% used [0x00000000ecc80000,0x00000000ed021248,0x00000000ed080000)
  to   space 9216K, 0% used [0x00000000ed500000,0x00000000ed500000,0x00000000ede00000)
 ParOldGen       total 32768K, used 26296K [0x00000000c2200000, 0x00000000c4200000, 0x00000000eb600000)
  object space 32768K, 80% used [0x00000000c2200000,0x00000000c3bae098,0x00000000c4200000)
 Metaspace       used 29116K, capacity 29698K, committed 29952K, reserved 1075200K
  class space    used 3292K, capacity 3484K, committed 3584K, reserved 1048576K
}
Event: 464.028 GC heap before
{Heap before GC invocations=19 (full 1):
 PSYoungGen      total 26624K, used 26244K [0x00000000eb600000, 0x00000000ede00000, 0x0000000100000000)
  eden space 22528K, 100% used [0x00000000eb600000,0x00000000ecc00000,0x00000000ecc00000)
  from space 4096K, 90% used [0x00000000ecc80000,0x00000000ed021248,0x00000000ed080000)
  to   space 9216K, 0% used [0x00000000ed500000,0x00000000ed500000,0x00000000ede00000)
 ParOldGen       total 32768K, used 26296K [0x00000000c2200000, 0x00000000c4200000, 0x00000000eb600000)
  object space 32768K, 80% used [0x00000000c2200000,0x00000000c3bae098,0x00000000c4200000)
 Metaspace       used 29950K, capacity 30586K, committed 30720K, reserved 1077248K
  class space    used 3378K, capacity 3583K, committed 3584K, reserved 1048576K
Event: 464.035 GC heap after
Heap after GC invocations=19 (full 1):
 PSYoungGen      total 30720K, used 1350K [0x00000000eb600000, 0x00000000edd80000, 0x0000000100000000)
  eden space 22016K, 0% used [0x00000000eb600000,0x00000000eb600000,0x00000000ecb80000)
  from space 8704K, 15% used [0x00000000ed500000,0x00000000ed651808,0x00000000edd80000)
  to   space 9216K, 0% used [0x00000000ecb80000,0x00000000ecb80000,0x00000000ed480000)
 ParOldGen       total 32768K, used 27924K [0x00000000c2200000, 0x00000000c4200000, 0x00000000eb600000)
  object space 32768K, 85% used [0x00000000c2200000,0x00000000c3d45188,0x00000000c4200000)
 Metaspace       used 29950K, capacity 30586K, committed 30720K, reserved 1077248K
  class space    used 3378K, capacity 3583K, committed 3584K, reserved 1048576K
}
Event: 464.035 GC heap before
{Heap before GC invocations=20 (full 2):
 PSYoungGen      total 30720K, used 1350K [0x00000000eb600000, 0x00000000edd80000, 0x0000000100000000)
  eden space 22016K, 0% used [0x00000000eb600000,0x00000000eb600000,0x00000000ecb80000)
  from space 8704K, 15% used [0x00000000ed500000,0x00000000ed651808,0x00000000edd80000)
  to   space 9216K, 0% used [0x00000000ecb80000,0x00000000ecb80000,0x00000000ed480000)
 ParOldGen       total 32768K, used 27924K [0x00000000c2200000, 0x00000000c4200000, 0x00000000eb600000)
  object space 32768K, 85% used [0x00000000c2200000,0x00000000c3d45188,0x00000000c4200000)
 Metaspace       used 29950K, capacity 30586K, committed 30720K, reserved 1077248K
  class space    used 3378K, capacity 3583K, committed 3584K, reserved 1048576K
Event: 464.292 GC heap after
Heap after GC invocations=20 (full 2):
 PSYoungGen      total 30720K, used 0K [0x00000000eb600000, 0x00000000edd80000, 0x0000000100000000)
  eden space 22016K, 0% used [0x00000000eb600000,0x00000000eb600000,0x00000000ecb80000)
  from space 8704K, 0% used [0x00000000ed500000,0x00000000ed500000,0x00000000edd80000)
  to   space 9216K, 0% used [0x00000000ecb80000,0x00000000ecb80000,0x00000000ed480000)
 ParOldGen       total 49152K, used 27221K [0x00000000c2200000, 0x00000000c5200000, 0x00000000eb600000)
  object space 49152K, 55% used [0x00000000c2200000,0x00000000c3c95410,0x00000000c5200000)
 Metaspace       used 29950K, capacity 30586K, committed 30720K, reserved 1077248K
  class space    used 3378K, capacity 3583K, committed 3584K, reserved 1048576K
}
Event: 507.431 GC heap before
{Heap before GC invocations=21 (full 2):
 PSYoungGen      total 30720K, used 22016K [0x00000000eb600000, 0x00000000edd80000, 0x0000000100000000)
  eden space 22016K, 100% used [0x00000000eb600000,0x00000000ecb80000,0x00000000ecb80000)
  from space 8704K, 0% used [0x00000000ed500000,0x00000000ed500000,0x00000000edd80000)
  to   space 9216K, 0% used [0x00000000ecb80000,0x00000000ecb80000,0x00000000ed480000)
 ParOldGen       total 49152K, used 27221K [0x00000000c2200000, 0x00000000c5200000, 0x00000000eb600000)
  object space 49152K, 55% used [0x00000000c2200000,0x00000000c3c95410,0x00000000c5200000)
 Metaspace       used 30408K, capacity 31090K, committed 31360K, reserved 1077248K
  class space    used 3438K, capacity 3687K, committed 3712K, reserved 1048576K
Event: 507.434 GC heap after
Heap after GC invocations=21 (full 2):
 PSYoungGen      total 23040K, used 1153K [0x00000000eb600000, 0x00000000edd00000, 0x0000000100000000)
  eden space 21504K, 0% used [0x00000000eb600000,0x00000000eb600000,0x00000000ecb00000)
  from space 1536K, 75% used [0x00000000ecb80000,0x00000000ecca07a0,0x00000000ecd00000)
  to   space 9216K, 0% used [0x00000000ed400000,0x00000000ed400000,0x00000000edd00000)
 ParOldGen       total 49152K, used 27229K [0x00000000c2200000, 0x00000000c5200000, 0x00000000eb600000)
  object space 49152K, 55% used [0x00000000c2200000,0x00000000c3c97410,0x00000000c5200000)
 Metaspace       used 30408K, capacity 31090K, committed 31360K, reserved 1077248K
  class space    used 3438K, capacity 3687K, committed 3712K, reserved 1048576K
}

