# JRE version: Java(TM) SE Runtime Environment (8.0_65-b17) (build 1.8.0_65-b17)
# Java VM: Java HotSpot(TM) 64-Bit Server VM (25.65-b01 mixed mode windows-amd64 compressed oops)
Heap:
 PSYoungGen      total 21504K, used 6850K [0x00000000eb600000, 0x00000000eda00000, 0x0000000100000000)
  eden space 15360K, 34% used [0x00000000eb600000,0x00000000ebb3aa90,0x00000000ec500000)
  from space 6144K, 24% used [0x00000000ec500000,0x00000000ec675d70,0x00000000ecb00000)
  to   space 6144K, 0% used [0x00000000ed400000,0x00000000ed400000,0x00000000eda00000)
 ParOldGen       total 42496K, used 15269K [0x00000000c2200000, 0x00000000c4b80000, 0x00000000eb600000)
  object space 42496K, 35% used [0x00000000c2200000,0x00000000c30e9668,0x00000000c4b80000)
 Metaspace       used 18113K, capacity 18454K, committed 18688K, reserved 1064960K
  class space    used 2166K, capacity 2267K, committed 2304K, reserved 1048576K
GC Heap History (10 events):
Event: 19.932 GC heap before
{Heap before GC invocations=11 (full 0):
 PSYoungGen      total 20992K, used 16688K [0x00000000eb600000, 0x00000000ed180000, 0x0000000100000000)
  eden space 15360K, 100% used [0x00000000eb600000,0x00000000ec500000,0x00000000ec500000)
  from space 5632K, 23% used [0x00000000ecb00000,0x00000000ecc4c010,0x00000000ed080000)
  to   space 6144K, 0% used [0x00000000ec500000,0x00000000ec500000,0x00000000ecb00000)
 ParOldGen       total 42496K, used 11781K [0x00000000c2200000, 0x00000000c4b80000, 0x00000000eb600000)
  object space 42496K, 27% used [0x00000000c2200000,0x00000000c2d81668,0x00000000c4b80000)
 Metaspace       used 13421K, capacity 13698K, committed 13952K, reserved 1060864K
  class space    used 1588K, capacity 1659K, committed 1664K, reserved 1048576K
Event: 19.939 GC heap after
Heap after GC invocations=11 (full 0):
 PSYoungGen      total 21504K, used 992K [0x00000000eb600000, 0x00000000ed100000, 0x0000000100000000)
  eden space 15360K, 0% used [0x00000000eb600000,0x00000000eb600000,0x00000000ec500000)
  from space 6144K, 16% used [0x00000000ec500000,0x00000000ec5f8000,0x00000000ecb00000)
  to   space 6144K, 0% used [0x00000000ecb00000,0x00000000ecb00000,0x00000000ed100000)
 ParOldGen       total 42496K, used 12925K [0x00000000c2200000, 0x00000000c4b80000, 0x00000000eb600000)
  object space 42496K, 30% used [0x00000000c2200000,0x00000000c2e9f668,0x00000000c4b80000)
 Metaspace       used 13421K, capacity 13698K, committed 13952K, reserved 1060864K
  class space    used 1588K, capacity 1659K, committed 1664K, reserved 1048576K
}
Event: 20.130 GC heap before
{Heap before GC invocations=12 (full 0):
 PSYoungGen      total 21504K, used 16352K [0x00000000eb600000, 0x00000000ed100000, 0x0000000100000000)
  eden space 15360K, 100% used [0x00000000eb600000,0x00000000ec500000,0x00000000ec500000)
  from space 6144K, 16% used [0x00000000ec500000,0x00000000ec5f8000,0x00000000ecb00000)
  to   space 6144K, 0% used [0x00000000ecb00000,0x00000000ecb00000,0x00000000ed100000)
 ParOldGen       total 42496K, used 12925K [0x00000000c2200000, 0x00000000c4b80000, 0x00000000eb600000)
  object space 42496K, 30% used [0x00000000c2200000,0x00000000c2e9f668,0x00000000c4b80000)
 Metaspace       used 13517K, capacity 13762K, committed 13952K, reserved 1060864K
  class space    used 1588K, capacity 1659K, committed 1664K, reserved 1048576K
Event: 20.133 GC heap after
Heap after GC invocations=12 (full 0):
 PSYoungGen      total 21504K, used 672K [0x00000000eb600000, 0x00000000ed100000, 0x0000000100000000)
  eden space 15360K, 0% used [0x00000000eb600000,0x00000000eb600000,0x00000000ec500000)
  from space 6144K, 10% used [0x00000000ecb00000,0x00000000ecba8000,0x00000000ed100000)
  to   space 6144K, 0% used [0x00000000ec500000,0x00000000ec500000,0x00000000ecb00000)
 ParOldGen       total 42496K, used 13717K [0x00000000c2200000, 0x00000000c4b80000, 0x00000000eb600000)
  object space 42496K, 32% used [0x00000000c2200000,0x00000000c2f65668,0x00000000c4b80000)
 Metaspace       used 13517K, capacity 13762K, committed 13952K, reserved 1060864K
  class space    used 1588K, capacity 1659K, committed 1664K, reserved 1048576K
}
Event: 21.466 GC heap before
{Heap before GC invocations=13 (full 0):
 PSYoungGen      total 21504K, used 16032K [0x00000000eb600000, 0x00000000ed100000, 0x0000000100000000)
  eden space 15360K, 100% used [0x00000000eb600000,0x00000000ec500000,0x00000000ec500000)
  from space 6144K, 10% used [0x00000000ecb00000,0x00000000ecba8000,0x00000000ed100000)
  to   space 6144K, 0% used [0x00000000ec500000,0x00000000ec500000,0x00000000ecb00000)
 ParOldGen       total 42496K, used 13717K [0x00000000c2200000, 0x00000000c4b80000, 0x00000000eb600000)
  object space 42496K, 32% used [0x00000000c2200000,0x00000000c2f65668,0x00000000c4b80000)
 Metaspace       used 13990K, capacity 14298K, committed 14592K, reserved 1062912K
  class space    used 1641K, capacity 1731K, committed 1792K, reserved 1048576K
Event: 21.470 GC heap after
Heap after GC invocations=13 (full 0):
 PSYoungGen      total 21504K, used 1583K [0x00000000eb600000, 0x00000000ed100000, 0x0000000100000000)
  eden space 15360K, 0% used [0x00000000eb600000,0x00000000eb600000,0x00000000ec500000)
  from space 6144K, 25% used [0x00000000ec500000,0x00000000ec68bc18,0x00000000ecb00000)
  to   space 6144K, 0% used [0x00000000ecb00000,0x00000000ecb00000,0x00000000ed100000)
 ParOldGen       total 42496K, used 14293K [0x00000000c2200000, 0x00000000c4b80000, 0x00000000eb600000)
  object space 42496K, 33% used [0x00000000c2200000,0x00000000c2ff5668,0x00000000c4b80000)
 Metaspace       used 13990K, capacity 14298K, committed 14592K, reserved 1062912K
  class space    used 1641K, capacity 1731K, committed 1792K, reserved 1048576K
}
Event: 22.503 GC heap before
{Heap before GC invocations=14 (full 0):
 PSYoungGen      total 21504K, used 16943K [0x00000000eb600000, 0x00000000ed100000, 0x0000000100000000)
  eden space 15360K, 100% used [0x00000000eb600000,0x00000000ec500000,0x00000000ec500000)
  from space 6144K, 25% used [0x00000000ec500000,0x00000000ec68bc18,0x00000000ecb00000)
  to   space 6144K, 0% used [0x00000000ecb00000,0x00000000ecb00000,0x00000000ed100000)
 ParOldGen       total 42496K, used 14293K [0x00000000c2200000, 0x00000000c4b80000, 0x00000000eb600000)
  object space 42496K, 33% used [0x00000000c2200000,0x00000000c2ff5668,0x00000000c4b80000)
 Metaspace       used 14382K, capacity 14738K, committed 14848K, reserved 1062912K
  class space    used 1676K, capacity 1771K, committed 1792K, reserved 1048576K
Event: 22.557 GC heap after
Heap after GC invocations=14 (full 0):
 PSYoungGen      total 21504K, used 940K [0x00000000eb600000, 0x00000000eda00000, 0x0000000100000000)
  eden space 15360K, 0% used [0x00000000eb600000,0x00000000eb600000,0x00000000ec500000)
  from space 6144K, 15% used [0x00000000ecb00000,0x00000000ecbeb050,0x00000000ed100000)
  to   space 6144K, 0% used [0x00000000ec500000,0x00000000ec500000,0x00000000ecb00000)
 ParOldGen       total 42496K, used 14797K [0x00000000c2200000, 0x00000000c4b80000, 0x00000000eb600000)
  object space 42496K, 34% used [0x00000000c2200000,0x00000000c3073668,0x00000000c4b80000)
 Metaspace       used 14382K, capacity 14738K, committed 14848K, reserved 1062912K
  class space    used 1676K, capacity 1771K, committed 1792K, reserved 1048576K
}
Event: 24.440 GC heap before
{Heap before GC invocations=15 (full 0):
 PSYoungGen      total 21504K, used 16300K [0x00000000eb600000, 0x00000000eda00000, 0x0000000100000000)
  eden space 15360K, 100% used [0x00000000eb600000,0x00000000ec500000,0x00000000ec500000)
  from space 6144K, 15% used [0x00000000ecb00000,0x00000000ecbeb050,0x00000000ed100000)
  to   space 6144K, 0% used [0x00000000ec500000,0x00000000ec500000,0x00000000ecb00000)
 ParOldGen       total 42496K, used 14797K [0x00000000c2200000, 0x00000000c4b80000, 0x00000000eb600000)
  object space 42496K, 34% used [0x00000000c2200000,0x00000000c3073668,0x00000000c4b80000)
 Metaspace       used 16533K, capacity 16918K, committed 17024K, reserved 1064960K
  class space    used 1955K, capacity 2075K, committed 2176K, reserved 1048576K
Event: 24.444 GC heap after
Heap after GC invocations=15 (full 0):
 PSYoungGen      total 21504K, used 1495K [0x00000000eb600000, 0x00000000eda00000, 0x0000000100000000)
  eden space 15360K, 0% used [0x00000000eb600000,0x00000000eb600000,0x00000000ec500000)
  from space 6144K, 24% used [0x00000000ec500000,0x00000000ec675d70,0x00000000ecb00000)
  to   space 6144K, 0% used [0x00000000ed400000,0x00000000ed400000,0x00000000eda00000)
 ParOldGen       total 42496K, used 15269K [0x00000000c2200000, 0x00000000c4b80000, 0x00000000eb600000)
  object space 42496K, 35% used [0x00000000c2200000,0x00000000c30e9668,0x00000000c4b80000)
 Metaspace       used 16533K, capacity 16918K, committed 17024K, reserved 1064960K
  class space    used 1955K, capacity 2075K, committed 2176K, reserved 1048576K
}

